running egg_info
creating ../../build/odometry_health_monitor/odometry_health_monitor.egg-info
writing ../../build/odometry_health_monitor/odometry_health_monitor.egg-info/PKG-INFO
writing dependency_links to ../../build/odometry_health_monitor/odometry_health_monitor.egg-info/dependency_links.txt
writing entry points to ../../build/odometry_health_monitor/odometry_health_monitor.egg-info/entry_points.txt
writing requirements to ../../build/odometry_health_monitor/odometry_health_monitor.egg-info/requires.txt
writing top-level names to ../../build/odometry_health_monitor/odometry_health_monitor.egg-info/top_level.txt
writing manifest file '../../build/odometry_health_monitor/odometry_health_monitor.egg-info/SOURCES.txt'
writing manifest file '../../build/odometry_health_monitor/odometry_health_monitor.egg-info/SOURCES.txt'
running build
running build_py
creating /home/bb/hackathon/IBM/BobForBot/demo-robot-workspace/build/odometry_health_monitor/build
creating /home/bb/hackathon/IBM/BobForBot/demo-robot-workspace/build/odometry_health_monitor/build/lib
creating /home/bb/hackathon/IBM/BobForBot/demo-robot-workspace/build/odometry_health_monitor/build/lib/odometry_health_monitor
copying odometry_health_monitor/odometry_health_monitor_node.py -> /home/bb/hackathon/IBM/BobForBot/demo-robot-workspace/build/odometry_health_monitor/build/lib/odometry_health_monitor
copying odometry_health_monitor/__init__.py -> /home/bb/hackathon/IBM/BobForBot/demo-robot-workspace/build/odometry_health_monitor/build/lib/odometry_health_monitor
running install
running install_lib
creating /home/bb/hackathon/IBM/BobForBot/demo-robot-workspace/install/odometry_health_monitor/lib/python3.10/site-packages/odometry_health_monitor
copying /home/bb/hackathon/IBM/BobForBot/demo-robot-workspace/build/odometry_health_monitor/build/lib/odometry_health_monitor/odometry_health_monitor_node.py -> /home/bb/hackathon/IBM/BobForBot/demo-robot-workspace/install/odometry_health_monitor/lib/python3.10/site-packages/odometry_health_monitor
copying /home/bb/hackathon/IBM/BobForBot/demo-robot-workspace/build/odometry_health_monitor/build/lib/odometry_health_monitor/__init__.py -> /home/bb/hackathon/IBM/BobForBot/demo-robot-workspace/install/odometry_health_monitor/lib/python3.10/site-packages/odometry_health_monitor
byte-compiling /home/bb/hackathon/IBM/BobForBot/demo-robot-workspace/install/odometry_health_monitor/lib/python3.10/site-packages/odometry_health_monitor/odometry_health_monitor_node.py to odometry_health_monitor_node.cpython-310.pyc
byte-compiling /home/bb/hackathon/IBM/BobForBot/demo-robot-workspace/install/odometry_health_monitor/lib/python3.10/site-packages/odometry_health_monitor/__init__.py to __init__.cpython-310.pyc
running install_data
creating /home/bb/hackathon/IBM/BobForBot/demo-robot-workspace/install/odometry_health_monitor/share/ament_index
creating /home/bb/hackathon/IBM/BobForBot/demo-robot-workspace/install/odometry_health_monitor/share/ament_index/resource_index
creating /home/bb/hackathon/IBM/BobForBot/demo-robot-workspace/install/odometry_health_monitor/share/ament_index/resource_index/packages
copying resource/odometry_health_monitor -> /home/bb/hackathon/IBM/BobForBot/demo-robot-workspace/install/odometry_health_monitor/share/ament_index/resource_index/packages
copying package.xml -> /home/bb/hackathon/IBM/BobForBot/demo-robot-workspace/install/odometry_health_monitor/share/odometry_health_monitor
creating /home/bb/hackathon/IBM/BobForBot/demo-robot-workspace/install/odometry_health_monitor/share/odometry_health_monitor/launch
copying launch/odometry_health_monitor.launch.py -> /home/bb/hackathon/IBM/BobForBot/demo-robot-workspace/install/odometry_health_monitor/share/odometry_health_monitor/launch
creating /home/bb/hackathon/IBM/BobForBot/demo-robot-workspace/install/odometry_health_monitor/share/odometry_health_monitor/config
copying config/params.yaml -> /home/bb/hackathon/IBM/BobForBot/demo-robot-workspace/install/odometry_health_monitor/share/odometry_health_monitor/config
running install_egg_info
Copying ../../build/odometry_health_monitor/odometry_health_monitor.egg-info to /home/bb/hackathon/IBM/BobForBot/demo-robot-workspace/install/odometry_health_monitor/lib/python3.10/site-packages/odometry_health_monitor-0.1.0-py3.10.egg-info
running install_scripts
Installing odometry_health_monitor_node script to /home/bb/hackathon/IBM/BobForBot/demo-robot-workspace/install/odometry_health_monitor/bin
writing list of installed files to '/home/bb/hackathon/IBM/BobForBot/demo-robot-workspace/build/odometry_health_monitor/install.log'
