[1.524s] Invoking command in '/home/bb/hackathon/IBM/BobForBot/demo-robot-workspace/src/odometry_health_monitor': PYTHONPATH=/home/bb/hackathon/IBM/BobForBot/demo-robot-workspace/build/odometry_health_monitor/prefix_override:/usr/lib/python3/dist-packages/colcon_core/task/python/colcon_distutils_commands:/home/bb/hackathon/IBM/BobForBot/demo-robot-workspace/install/odometry_health_monitor/lib/python3.10/site-packages:${PYTHONPATH} /usr/bin/python3 -W ignore:setup.py install is deprecated -W ignore:easy_install command is deprecated setup.py egg_info --egg-base ../../build/odometry_health_monitor build --build-base /home/bb/hackathon/IBM/BobForBot/demo-robot-workspace/build/odometry_health_monitor/build install --record /home/bb/hackathon/IBM/BobForBot/demo-robot-workspace/build/odometry_health_monitor/install.log --single-version-externally-managed install_data
[1.573s] /home/bb/.local/lib/python3.10/site-packages/_distutils_hack/__init__.py:53: UserWarning: Reliance on distutils from stdlib is deprecated. Users must rely on setuptools to provide the distutils module. Avoid importing distutils or import setuptools first, and avoid setting SETUPTOOLS_USE_DISTUTILS=stdlib. Register concerns at https://github.com/pypa/setuptools/issues/new?template=distutils-deprecation.yml
[1.573s]   warnings.warn(
[1.799s] /usr/lib/python3.10/distutils/dist.py:274: UserWarning: Unknown distribution option: 'tests_require'
[1.800s]   warnings.warn(msg)
[2.137s] running egg_info
[2.177s] creating ../../build/odometry_health_monitor/odometry_health_monitor.egg-info
[2.177s] writing ../../build/odometry_health_monitor/odometry_health_monitor.egg-info/PKG-INFO
[2.178s] writing dependency_links to ../../build/odometry_health_monitor/odometry_health_monitor.egg-info/dependency_links.txt
[2.178s] writing entry points to ../../build/odometry_health_monitor/odometry_health_monitor.egg-info/entry_points.txt
[2.178s] writing requirements to ../../build/odometry_health_monitor/odometry_health_monitor.egg-info/requires.txt
[2.178s] writing top-level names to ../../build/odometry_health_monitor/odometry_health_monitor.egg-info/top_level.txt
[2.190s] /home/bb/.local/lib/python3.10/site-packages/pbr/git.py:28: UserWarning: pkg_resources is deprecated as an API. See https://setuptools.pypa.io/en/latest/pkg_resources.html. The pkg_resources package is slated for removal as early as 2025-11-30. Refrain from using this package or pin to Setuptools<81.
[2.191s]   import pkg_resources
[2.377s] writing manifest file '../../build/odometry_health_monitor/odometry_health_monitor.egg-info/SOURCES.txt'
[2.569s] writing manifest file '../../build/odometry_health_monitor/odometry_health_monitor.egg-info/SOURCES.txt'
[2.569s] running build
[2.570s] running build_py
[2.570s] creating /home/bb/hackathon/IBM/BobForBot/demo-robot-workspace/build/odometry_health_monitor/build
[2.570s] creating /home/bb/hackathon/IBM/BobForBot/demo-robot-workspace/build/odometry_health_monitor/build/lib
[2.570s] creating /home/bb/hackathon/IBM/BobForBot/demo-robot-workspace/build/odometry_health_monitor/build/lib/odometry_health_monitor
[2.570s] copying odometry_health_monitor/odometry_health_monitor_node.py -> /home/bb/hackathon/IBM/BobForBot/demo-robot-workspace/build/odometry_health_monitor/build/lib/odometry_health_monitor
[2.570s] copying odometry_health_monitor/__init__.py -> /home/bb/hackathon/IBM/BobForBot/demo-robot-workspace/build/odometry_health_monitor/build/lib/odometry_health_monitor
[2.571s] running install
[2.571s] running install_lib
[2.611s] creating /home/bb/hackathon/IBM/BobForBot/demo-robot-workspace/install/odometry_health_monitor/lib/python3.10/site-packages/odometry_health_monitor
[2.611s] copying /home/bb/hackathon/IBM/BobForBot/demo-robot-workspace/build/odometry_health_monitor/build/lib/odometry_health_monitor/odometry_health_monitor_node.py -> /home/bb/hackathon/IBM/BobForBot/demo-robot-workspace/install/odometry_health_monitor/lib/python3.10/site-packages/odometry_health_monitor
[2.611s] copying /home/bb/hackathon/IBM/BobForBot/demo-robot-workspace/build/odometry_health_monitor/build/lib/odometry_health_monitor/__init__.py -> /home/bb/hackathon/IBM/BobForBot/demo-robot-workspace/install/odometry_health_monitor/lib/python3.10/site-packages/odometry_health_monitor
[2.611s] byte-compiling /home/bb/hackathon/IBM/BobForBot/demo-robot-workspace/install/odometry_health_monitor/lib/python3.10/site-packages/odometry_health_monitor/odometry_health_monitor_node.py to odometry_health_monitor_node.cpython-310.pyc
[2.613s] byte-compiling /home/bb/hackathon/IBM/BobForBot/demo-robot-workspace/install/odometry_health_monitor/lib/python3.10/site-packages/odometry_health_monitor/__init__.py to __init__.cpython-310.pyc
[2.613s] running install_data
[2.613s] creating /home/bb/hackathon/IBM/BobForBot/demo-robot-workspace/install/odometry_health_monitor/share/ament_index
[2.614s] creating /home/bb/hackathon/IBM/BobForBot/demo-robot-workspace/install/odometry_health_monitor/share/ament_index/resource_index
[2.614s] creating /home/bb/hackathon/IBM/BobForBot/demo-robot-workspace/install/odometry_health_monitor/share/ament_index/resource_index/packages
[2.614s] copying resource/odometry_health_monitor -> /home/bb/hackathon/IBM/BobForBot/demo-robot-workspace/install/odometry_health_monitor/share/ament_index/resource_index/packages
[2.614s] copying package.xml -> /home/bb/hackathon/IBM/BobForBot/demo-robot-workspace/install/odometry_health_monitor/share/odometry_health_monitor
[2.614s] creating /home/bb/hackathon/IBM/BobForBot/demo-robot-workspace/install/odometry_health_monitor/share/odometry_health_monitor/launch
[2.614s] copying launch/odometry_health_monitor.launch.py -> /home/bb/hackathon/IBM/BobForBot/demo-robot-workspace/install/odometry_health_monitor/share/odometry_health_monitor/launch
[2.614s] creating /home/bb/hackathon/IBM/BobForBot/demo-robot-workspace/install/odometry_health_monitor/share/odometry_health_monitor/config
[2.614s] copying config/params.yaml -> /home/bb/hackathon/IBM/BobForBot/demo-robot-workspace/install/odometry_health_monitor/share/odometry_health_monitor/config
[2.615s] running install_egg_info
[2.653s] Copying ../../build/odometry_health_monitor/odometry_health_monitor.egg-info to /home/bb/hackathon/IBM/BobForBot/demo-robot-workspace/install/odometry_health_monitor/lib/python3.10/site-packages/odometry_health_monitor-0.1.0-py3.10.egg-info
[2.654s] running install_scripts
[2.728s] Installing odometry_health_monitor_node script to /home/bb/hackathon/IBM/BobForBot/demo-robot-workspace/install/odometry_health_monitor/bin
[2.729s] writing list of installed files to '/home/bb/hackathon/IBM/BobForBot/demo-robot-workspace/build/odometry_health_monitor/install.log'
[2.775s] Invoked command in '/home/bb/hackathon/IBM/BobForBot/demo-robot-workspace/src/odometry_health_monitor' returned '0': PYTHONPATH=/home/bb/hackathon/IBM/BobForBot/demo-robot-workspace/build/odometry_health_monitor/prefix_override:/usr/lib/python3/dist-packages/colcon_core/task/python/colcon_distutils_commands:/home/bb/hackathon/IBM/BobForBot/demo-robot-workspace/install/odometry_health_monitor/lib/python3.10/site-packages:${PYTHONPATH} /usr/bin/python3 -W ignore:setup.py install is deprecated -W ignore:easy_install command is deprecated setup.py egg_info --egg-base ../../build/odometry_health_monitor build --build-base /home/bb/hackathon/IBM/BobForBot/demo-robot-workspace/build/odometry_health_monitor/build install --record /home/bb/hackathon/IBM/BobForBot/demo-robot-workspace/build/odometry_health_monitor/install.log --single-version-externally-managed install_data
