[0.195s] colcon DEBUG Command line arguments: ['/usr/bin/colcon', 'build', '--packages-select', 'odometry_health_monitor']
[0.195s] colcon DEBUG Parsed command line arguments: Namespace(log_base=None, log_level=None, verb_name='build', build_base='build', install_base='install', merge_install=False, symlink_install=False, test_result_base=None, continue_on_error=False, executor='parallel', parallel_workers=28, event_handlers=None, ignore_user_meta=False, metas=['./colcon.meta'], base_paths=['.'], packages_ignore=None, packages_ignore_regex=None, paths=None, packages_up_to=None, packages_up_to_regex=None, packages_above=None, packages_above_and_dependencies=None, packages_above_depth=None, packages_select_by_dep=None, packages_skip_by_dep=None, packages_skip_up_to=None, packages_select_build_failed=False, packages_skip_build_finished=False, packages_select_test_failures=False, packages_skip_test_passed=False, packages_select=['odometry_health_monitor'], packages_skip=None, packages_select_regex=None, packages_skip_regex=None, packages_start=None, packages_end=None, allow_overriding=[], cmake_args=None, cmake_target=None, cmake_target_skip_unavailable=False, cmake_clean_cache=False, cmake_clean_first=False, cmake_force_configure=False, ament_cmake_args=None, catkin_cmake_args=None, catkin_skip_building_tests=False, mixin_files=None, mixin=None, verb_parser=<colcon_mixin.mixin.mixin_argument.MixinArgumentDecorator object at 0x75a71fc882e0>, verb_extension=<colcon_core.verb.build.BuildVerb object at 0x75a71fde5990>, main=<bound method BuildVerb.main of <colcon_core.verb.build.BuildVerb object at 0x75a71fde5990>>, mixin_verb=('build',))
[0.266s] colcon.colcon_core.package_discovery Level 1 discover_packages(colcon_meta) check parameters
[0.267s] colcon.colcon_core.package_discovery Level 1 discover_packages(recursive) check parameters
[0.267s] colcon.colcon_core.package_discovery Level 1 discover_packages(ignore) check parameters
[0.267s] colcon.colcon_core.package_discovery Level 1 discover_packages(path) check parameters
[0.267s] colcon.colcon_core.package_discovery Level 1 discover_packages(colcon_meta) discover
[0.267s] colcon.colcon_core.package_discovery Level 1 discover_packages(recursive) discover
[0.267s] colcon.colcon_core.package_discovery INFO Crawling recursively for packages in '/home/bb/hackathon/IBM/BobForBot/demo-robot-workspace'
[0.267s] colcon.colcon_core.package_identification Level 1 _identify(.) by extensions ['ignore', 'ignore_ament_install']
[0.267s] colcon.colcon_core.package_identification Level 1 _identify(.) by extension 'ignore'
[0.267s] colcon.colcon_core.package_identification Level 1 _identify(.) by extension 'ignore_ament_install'
[0.267s] colcon.colcon_core.package_identification Level 1 _identify(.) by extensions ['colcon_pkg']
[0.267s] colcon.colcon_core.package_identification Level 1 _identify(.) by extension 'colcon_pkg'
[0.268s] colcon.colcon_core.package_identification Level 1 _identify(.) by extensions ['colcon_meta']
[0.268s] colcon.colcon_core.package_identification Level 1 _identify(.) by extension 'colcon_meta'
[0.268s] colcon.colcon_core.package_identification Level 1 _identify(.) by extensions ['ros']
[0.268s] colcon.colcon_core.package_identification Level 1 _identify(.) by extension 'ros'
[0.310s] colcon.colcon_core.package_identification Level 1 _identify(.) by extensions ['cmake', 'python']
[0.311s] colcon.colcon_core.package_identification Level 1 _identify(.) by extension 'cmake'
[0.311s] colcon.colcon_core.package_identification Level 1 _identify(.) by extension 'python'
[0.311s] colcon.colcon_core.package_identification Level 1 _identify(.) by extensions ['python_setup_py']
[0.311s] colcon.colcon_core.package_identification Level 1 _identify(.) by extension 'python_setup_py'
[0.311s] colcon.colcon_core.package_identification Level 1 _identify(build) by extensions ['ignore', 'ignore_ament_install']
[0.311s] colcon.colcon_core.package_identification Level 1 _identify(build) by extension 'ignore'
[0.311s] colcon.colcon_core.package_identification Level 1 _identify(build) ignored
[0.311s] colcon.colcon_core.package_identification Level 1 _identify(install) by extensions ['ignore', 'ignore_ament_install']
[0.312s] colcon.colcon_core.package_identification Level 1 _identify(install) by extension 'ignore'
[0.312s] colcon.colcon_core.package_identification Level 1 _identify(install) ignored
[0.312s] colcon.colcon_core.package_identification Level 1 _identify(log) by extensions ['ignore', 'ignore_ament_install']
[0.312s] colcon.colcon_core.package_identification Level 1 _identify(log) by extension 'ignore'
[0.312s] colcon.colcon_core.package_identification Level 1 _identify(log) ignored
[0.312s] colcon.colcon_core.package_identification Level 1 _identify(logs) by extensions ['ignore', 'ignore_ament_install']
[0.312s] colcon.colcon_core.package_identification Level 1 _identify(logs) by extension 'ignore'
[0.312s] colcon.colcon_core.package_identification Level 1 _identify(logs) by extension 'ignore_ament_install'
[0.312s] colcon.colcon_core.package_identification Level 1 _identify(logs) by extensions ['colcon_pkg']
[0.312s] colcon.colcon_core.package_identification Level 1 _identify(logs) by extension 'colcon_pkg'
[0.312s] colcon.colcon_core.package_identification Level 1 _identify(logs) by extensions ['colcon_meta']
[0.312s] colcon.colcon_core.package_identification Level 1 _identify(logs) by extension 'colcon_meta'
[0.313s] colcon.colcon_core.package_identification Level 1 _identify(logs) by extensions ['ros']
[0.313s] colcon.colcon_core.package_identification Level 1 _identify(logs) by extension 'ros'
[0.313s] colcon.colcon_core.package_identification Level 1 _identify(logs) by extensions ['cmake', 'python']
[0.313s] colcon.colcon_core.package_identification Level 1 _identify(logs) by extension 'cmake'
[0.313s] colcon.colcon_core.package_identification Level 1 _identify(logs) by extension 'python'
[0.313s] colcon.colcon_core.package_identification Level 1 _identify(logs) by extensions ['python_setup_py']
[0.313s] colcon.colcon_core.package_identification Level 1 _identify(logs) by extension 'python_setup_py'
[0.313s] colcon.colcon_core.package_identification Level 1 _identify(logs/fault_scenario_1_odom_loss) by extensions ['ignore', 'ignore_ament_install']
[0.313s] colcon.colcon_core.package_identification Level 1 _identify(logs/fault_scenario_1_odom_loss) by extension 'ignore'
[0.313s] colcon.colcon_core.package_identification Level 1 _identify(logs/fault_scenario_1_odom_loss) by extension 'ignore_ament_install'
[0.313s] colcon.colcon_core.package_identification Level 1 _identify(logs/fault_scenario_1_odom_loss) by extensions ['colcon_pkg']
[0.313s] colcon.colcon_core.package_identification Level 1 _identify(logs/fault_scenario_1_odom_loss) by extension 'colcon_pkg'
[0.313s] colcon.colcon_core.package_identification Level 1 _identify(logs/fault_scenario_1_odom_loss) by extensions ['colcon_meta']
[0.313s] colcon.colcon_core.package_identification Level 1 _identify(logs/fault_scenario_1_odom_loss) by extension 'colcon_meta'
[0.313s] colcon.colcon_core.package_identification Level 1 _identify(logs/fault_scenario_1_odom_loss) by extensions ['ros']
[0.313s] colcon.colcon_core.package_identification Level 1 _identify(logs/fault_scenario_1_odom_loss) by extension 'ros'
[0.314s] colcon.colcon_core.package_identification Level 1 _identify(logs/fault_scenario_1_odom_loss) by extensions ['cmake', 'python']
[0.314s] colcon.colcon_core.package_identification Level 1 _identify(logs/fault_scenario_1_odom_loss) by extension 'cmake'
[0.314s] colcon.colcon_core.package_identification Level 1 _identify(logs/fault_scenario_1_odom_loss) by extension 'python'
[0.314s] colcon.colcon_core.package_identification Level 1 _identify(logs/fault_scenario_1_odom_loss) by extensions ['python_setup_py']
[0.314s] colcon.colcon_core.package_identification Level 1 _identify(logs/fault_scenario_1_odom_loss) by extension 'python_setup_py'
[0.314s] colcon.colcon_core.package_identification Level 1 _identify(src) by extensions ['ignore', 'ignore_ament_install']
[0.314s] colcon.colcon_core.package_identification Level 1 _identify(src) by extension 'ignore'
[0.314s] colcon.colcon_core.package_identification Level 1 _identify(src) by extension 'ignore_ament_install'
[0.314s] colcon.colcon_core.package_identification Level 1 _identify(src) by extensions ['colcon_pkg']
[0.314s] colcon.colcon_core.package_identification Level 1 _identify(src) by extension 'colcon_pkg'
[0.314s] colcon.colcon_core.package_identification Level 1 _identify(src) by extensions ['colcon_meta']
[0.314s] colcon.colcon_core.package_identification Level 1 _identify(src) by extension 'colcon_meta'
[0.314s] colcon.colcon_core.package_identification Level 1 _identify(src) by extensions ['ros']
[0.314s] colcon.colcon_core.package_identification Level 1 _identify(src) by extension 'ros'
[0.314s] colcon.colcon_core.package_identification Level 1 _identify(src) by extensions ['cmake', 'python']
[0.315s] colcon.colcon_core.package_identification Level 1 _identify(src) by extension 'cmake'
[0.315s] colcon.colcon_core.package_identification Level 1 _identify(src) by extension 'python'
[0.315s] colcon.colcon_core.package_identification Level 1 _identify(src) by extensions ['python_setup_py']
[0.315s] colcon.colcon_core.package_identification Level 1 _identify(src) by extension 'python_setup_py'
[0.315s] colcon.colcon_core.package_identification Level 1 _identify(src/motion_controller) by extensions ['ignore', 'ignore_ament_install']
[0.315s] colcon.colcon_core.package_identification Level 1 _identify(src/motion_controller) by extension 'ignore'
[0.315s] colcon.colcon_core.package_identification Level 1 _identify(src/motion_controller) by extension 'ignore_ament_install'
[0.315s] colcon.colcon_core.package_identification Level 1 _identify(src/motion_controller) by extensions ['colcon_pkg']
[0.315s] colcon.colcon_core.package_identification Level 1 _identify(src/motion_controller) by extension 'colcon_pkg'
[0.315s] colcon.colcon_core.package_identification Level 1 _identify(src/motion_controller) by extensions ['colcon_meta']
[0.315s] colcon.colcon_core.package_identification Level 1 _identify(src/motion_controller) by extension 'colcon_meta'
[0.315s] colcon.colcon_core.package_identification Level 1 _identify(src/motion_controller) by extensions ['ros']
[0.315s] colcon.colcon_core.package_identification Level 1 _identify(src/motion_controller) by extension 'ros'
[0.320s] colcon.colcon_core.package_identification DEBUG Package 'src/motion_controller' with type 'ros.ament_cmake' and name 'motion_controller'
[0.320s] colcon.colcon_core.package_identification Level 1 _identify(src/odometry_health_monitor) by extensions ['ignore', 'ignore_ament_install']
[0.320s] colcon.colcon_core.package_identification Level 1 _identify(src/odometry_health_monitor) by extension 'ignore'
[0.320s] colcon.colcon_core.package_identification Level 1 _identify(src/odometry_health_monitor) by extension 'ignore_ament_install'
[0.321s] colcon.colcon_core.package_identification Level 1 _identify(src/odometry_health_monitor) by extensions ['colcon_pkg']
[0.321s] colcon.colcon_core.package_identification Level 1 _identify(src/odometry_health_monitor) by extension 'colcon_pkg'
[0.321s] colcon.colcon_core.package_identification Level 1 _identify(src/odometry_health_monitor) by extensions ['colcon_meta']
[0.321s] colcon.colcon_core.package_identification Level 1 _identify(src/odometry_health_monitor) by extension 'colcon_meta'
[0.321s] colcon.colcon_core.package_identification Level 1 _identify(src/odometry_health_monitor) by extensions ['ros']
[0.321s] colcon.colcon_core.package_identification Level 1 _identify(src/odometry_health_monitor) by extension 'ros'
[0.322s] colcon.colcon_core.package_identification DEBUG Package 'src/odometry_health_monitor' with type 'ros.ament_python' and name 'odometry_health_monitor'
[0.323s] colcon.colcon_core.package_identification Level 1 _identify(src/safety_manager) by extensions ['ignore', 'ignore_ament_install']
[0.323s] colcon.colcon_core.package_identification Level 1 _identify(src/safety_manager) by extension 'ignore'
[0.323s] colcon.colcon_core.package_identification Level 1 _identify(src/safety_manager) by extension 'ignore_ament_install'
[0.323s] colcon.colcon_core.package_identification Level 1 _identify(src/safety_manager) by extensions ['colcon_pkg']
[0.323s] colcon.colcon_core.package_identification Level 1 _identify(src/safety_manager) by extension 'colcon_pkg'
[0.323s] colcon.colcon_core.package_identification Level 1 _identify(src/safety_manager) by extensions ['colcon_meta']
[0.323s] colcon.colcon_core.package_identification Level 1 _identify(src/safety_manager) by extension 'colcon_meta'
[0.323s] colcon.colcon_core.package_identification Level 1 _identify(src/safety_manager) by extensions ['ros']
[0.323s] colcon.colcon_core.package_identification Level 1 _identify(src/safety_manager) by extension 'ros'
[0.325s] colcon.colcon_core.package_identification DEBUG Package 'src/safety_manager' with type 'ros.ament_cmake' and name 'safety_manager'
[0.325s] colcon.colcon_core.package_identification Level 1 _identify(src/task_supervisor) by extensions ['ignore', 'ignore_ament_install']
[0.325s] colcon.colcon_core.package_identification Level 1 _identify(src/task_supervisor) by extension 'ignore'
[0.325s] colcon.colcon_core.package_identification Level 1 _identify(src/task_supervisor) by extension 'ignore_ament_install'
[0.325s] colcon.colcon_core.package_identification Level 1 _identify(src/task_supervisor) by extensions ['colcon_pkg']
[0.325s] colcon.colcon_core.package_identification Level 1 _identify(src/task_supervisor) by extension 'colcon_pkg'
[0.325s] colcon.colcon_core.package_identification Level 1 _identify(src/task_supervisor) by extensions ['colcon_meta']
[0.325s] colcon.colcon_core.package_identification Level 1 _identify(src/task_supervisor) by extension 'colcon_meta'
[0.326s] colcon.colcon_core.package_identification Level 1 _identify(src/task_supervisor) by extensions ['ros']
[0.326s] colcon.colcon_core.package_identification Level 1 _identify(src/task_supervisor) by extension 'ros'
[0.327s] colcon.colcon_core.package_identification DEBUG Package 'src/task_supervisor' with type 'ros.ament_python' and name 'task_supervisor'
[0.327s] colcon.colcon_core.package_discovery Level 1 discover_packages(recursive) using defaults
[0.327s] colcon.colcon_core.package_discovery Level 1 discover_packages(ignore) discover
[0.327s] colcon.colcon_core.package_discovery Level 1 discover_packages(ignore) using defaults
[0.327s] colcon.colcon_core.package_discovery Level 1 discover_packages(path) discover
[0.327s] colcon.colcon_core.package_discovery Level 1 discover_packages(path) using defaults
[0.356s] colcon.colcon_core.package_selection INFO Skipping not selected package 'motion_controller' in 'src/motion_controller'
[0.356s] colcon.colcon_core.package_selection INFO Skipping not selected package 'safety_manager' in 'src/safety_manager'
[0.356s] colcon.colcon_core.package_selection INFO Skipping not selected package 'task_supervisor' in 'src/task_supervisor'
[0.359s] colcon.colcon_core.package_discovery Level 1 discover_packages(prefix_path) check parameters
[0.359s] colcon.colcon_core.package_discovery Level 1 discover_packages(prefix_path) discover
[0.363s] colcon.colcon_installed_package_information.package_discovery DEBUG Found 11 installed packages in /home/bb/minigirona_ws/install
[0.364s] colcon.colcon_installed_package_information.package_discovery DEBUG Found 7 installed packages in /home/bb/ros2_ws/install
[0.366s] colcon.colcon_installed_package_information.package_discovery DEBUG Found 370 installed packages in /opt/ros/humble
[0.369s] colcon.colcon_core.package_discovery Level 1 discover_packages(prefix_path) using defaults
[0.455s] colcon.colcon_core.verb Level 5 set package 'odometry_health_monitor' build argument 'cmake_args' from command line to 'None'
[0.456s] colcon.colcon_core.verb Level 5 set package 'odometry_health_monitor' build argument 'cmake_target' from command line to 'None'
[0.456s] colcon.colcon_core.verb Level 5 set package 'odometry_health_monitor' build argument 'cmake_target_skip_unavailable' from command line to 'False'
[0.456s] colcon.colcon_core.verb Level 5 set package 'odometry_health_monitor' build argument 'cmake_clean_cache' from command line to 'False'
[0.456s] colcon.colcon_core.verb Level 5 set package 'odometry_health_monitor' build argument 'cmake_clean_first' from command line to 'False'
[0.456s] colcon.colcon_core.verb Level 5 set package 'odometry_health_monitor' build argument 'cmake_force_configure' from command line to 'False'
[0.456s] colcon.colcon_core.verb Level 5 set package 'odometry_health_monitor' build argument 'ament_cmake_args' from command line to 'None'
[0.456s] colcon.colcon_core.verb Level 5 set package 'odometry_health_monitor' build argument 'catkin_cmake_args' from command line to 'None'
[0.456s] colcon.colcon_core.verb Level 5 set package 'odometry_health_monitor' build argument 'catkin_skip_building_tests' from command line to 'False'
[0.456s] colcon.colcon_core.verb DEBUG Building package 'odometry_health_monitor' with the following arguments: {'ament_cmake_args': None, 'build_base': '/home/bb/hackathon/IBM/BobForBot/demo-robot-workspace/build/odometry_health_monitor', 'catkin_cmake_args': None, 'catkin_skip_building_tests': False, 'cmake_args': None, 'cmake_clean_cache': False, 'cmake_clean_first': False, 'cmake_force_configure': False, 'cmake_target': None, 'cmake_target_skip_unavailable': False, 'install_base': '/home/bb/hackathon/IBM/BobForBot/demo-robot-workspace/install/odometry_health_monitor', 'merge_install': False, 'path': '/home/bb/hackathon/IBM/BobForBot/demo-robot-workspace/src/odometry_health_monitor', 'symlink_install': False, 'test_result_base': None}
[0.456s] colcon.colcon_core.executor INFO Executing jobs using 'parallel' executor
[0.458s] colcon.colcon_parallel_executor.executor.parallel DEBUG run_until_complete
[0.458s] colcon.colcon_ros.task.ament_python.build INFO Building ROS package in '/home/bb/hackathon/IBM/BobForBot/demo-robot-workspace/src/odometry_health_monitor' with build type 'ament_python'
[0.458s] colcon.colcon_core.shell Level 1 create_environment_hook('odometry_health_monitor', 'ament_prefix_path')
[0.461s] colcon.colcon_core.plugin_system INFO Skipping extension 'colcon_core.shell.bat': Not used on non-Windows systems
[0.462s] colcon.colcon_core.shell INFO Creating environment hook '/home/bb/hackathon/IBM/BobForBot/demo-robot-workspace/install/odometry_health_monitor/share/odometry_health_monitor/hook/ament_prefix_path.ps1'
[0.463s] colcon.colcon_core.shell INFO Creating environment descriptor '/home/bb/hackathon/IBM/BobForBot/demo-robot-workspace/install/odometry_health_monitor/share/odometry_health_monitor/hook/ament_prefix_path.dsv'
[0.464s] colcon.colcon_core.shell INFO Creating environment hook '/home/bb/hackathon/IBM/BobForBot/demo-robot-workspace/install/odometry_health_monitor/share/odometry_health_monitor/hook/ament_prefix_path.sh'
[0.466s] colcon.colcon_core.shell INFO Skip shell extension 'powershell' for command environment: Not usable outside of PowerShell
[0.466s] colcon.colcon_core.shell DEBUG Skip shell extension 'dsv' for command environment
[0.946s] colcon.colcon_core.task.python.build INFO Building Python package in '/home/bb/hackathon/IBM/BobForBot/demo-robot-workspace/src/odometry_health_monitor'
[0.947s] colcon.colcon_core.shell INFO Skip shell extension 'powershell' for command environment: Not usable outside of PowerShell
[0.947s] colcon.colcon_core.shell DEBUG Skip shell extension 'dsv' for command environment
[1.984s] colcon.colcon_core.event_handler.log_command DEBUG Invoking command in '/home/bb/hackathon/IBM/BobForBot/demo-robot-workspace/src/odometry_health_monitor': PYTHONPATH=/home/bb/hackathon/IBM/BobForBot/demo-robot-workspace/build/odometry_health_monitor/prefix_override:/usr/lib/python3/dist-packages/colcon_core/task/python/colcon_distutils_commands:/home/bb/hackathon/IBM/BobForBot/demo-robot-workspace/install/odometry_health_monitor/lib/python3.10/site-packages:${PYTHONPATH} /usr/bin/python3 -W ignore:setup.py install is deprecated -W ignore:easy_install command is deprecated setup.py egg_info --egg-base ../../build/odometry_health_monitor build --build-base /home/bb/hackathon/IBM/BobForBot/demo-robot-workspace/build/odometry_health_monitor/build install --record /home/bb/hackathon/IBM/BobForBot/demo-robot-workspace/build/odometry_health_monitor/install.log --single-version-externally-managed install_data
[3.234s] colcon.colcon_core.event_handler.log_command DEBUG Invoked command in '/home/bb/hackathon/IBM/BobForBot/demo-robot-workspace/src/odometry_health_monitor' returned '0': PYTHONPATH=/home/bb/hackathon/IBM/BobForBot/demo-robot-workspace/build/odometry_health_monitor/prefix_override:/usr/lib/python3/dist-packages/colcon_core/task/python/colcon_distutils_commands:/home/bb/hackathon/IBM/BobForBot/demo-robot-workspace/install/odometry_health_monitor/lib/python3.10/site-packages:${PYTHONPATH} /usr/bin/python3 -W ignore:setup.py install is deprecated -W ignore:easy_install command is deprecated setup.py egg_info --egg-base ../../build/odometry_health_monitor build --build-base /home/bb/hackathon/IBM/BobForBot/demo-robot-workspace/build/odometry_health_monitor/build install --record /home/bb/hackathon/IBM/BobForBot/demo-robot-workspace/build/odometry_health_monitor/install.log --single-version-externally-managed install_data
[3.239s] colcon.colcon_core.environment Level 1 checking '/home/bb/hackathon/IBM/BobForBot/demo-robot-workspace/install/odometry_health_monitor' for CMake module files
[3.240s] colcon.colcon_core.environment Level 1 checking '/home/bb/hackathon/IBM/BobForBot/demo-robot-workspace/install/odometry_health_monitor' for CMake config files
[3.241s] colcon.colcon_core.environment Level 1 checking '/home/bb/hackathon/IBM/BobForBot/demo-robot-workspace/install/odometry_health_monitor/lib'
[3.241s] colcon.colcon_core.environment Level 1 checking '/home/bb/hackathon/IBM/BobForBot/demo-robot-workspace/install/odometry_health_monitor/bin'
[3.241s] colcon.colcon_core.shell Level 1 create_environment_hook('odometry_health_monitor', 'path')
[3.242s] colcon.colcon_core.shell INFO Creating environment hook '/home/bb/hackathon/IBM/BobForBot/demo-robot-workspace/install/odometry_health_monitor/share/odometry_health_monitor/hook/path.ps1'
[3.242s] colcon.colcon_core.shell INFO Creating environment descriptor '/home/bb/hackathon/IBM/BobForBot/demo-robot-workspace/install/odometry_health_monitor/share/odometry_health_monitor/hook/path.dsv'
[3.243s] colcon.colcon_core.shell INFO Creating environment hook '/home/bb/hackathon/IBM/BobForBot/demo-robot-workspace/install/odometry_health_monitor/share/odometry_health_monitor/hook/path.sh'
[3.243s] colcon.colcon_core.environment Level 1 checking '/home/bb/hackathon/IBM/BobForBot/demo-robot-workspace/install/odometry_health_monitor/lib/pkgconfig/odometry_health_monitor.pc'
[3.243s] colcon.colcon_core.environment Level 1 checking '/home/bb/hackathon/IBM/BobForBot/demo-robot-workspace/install/odometry_health_monitor/lib/python3.10/site-packages'
[3.244s] colcon.colcon_core.shell Level 1 create_environment_hook('odometry_health_monitor', 'pythonpath')
[3.244s] colcon.colcon_core.shell INFO Creating environment hook '/home/bb/hackathon/IBM/BobForBot/demo-robot-workspace/install/odometry_health_monitor/share/odometry_health_monitor/hook/pythonpath.ps1'
[3.244s] colcon.colcon_core.shell INFO Creating environment descriptor '/home/bb/hackathon/IBM/BobForBot/demo-robot-workspace/install/odometry_health_monitor/share/odometry_health_monitor/hook/pythonpath.dsv'
[3.245s] colcon.colcon_core.shell INFO Creating environment hook '/home/bb/hackathon/IBM/BobForBot/demo-robot-workspace/install/odometry_health_monitor/share/odometry_health_monitor/hook/pythonpath.sh'
[3.245s] colcon.colcon_core.environment Level 1 checking '/home/bb/hackathon/IBM/BobForBot/demo-robot-workspace/install/odometry_health_monitor/bin'
[3.246s] colcon.colcon_core.shell Level 1 create_environment_hook('odometry_health_monitor', 'pythonscriptspath')
[3.246s] colcon.colcon_core.shell INFO Creating environment hook '/home/bb/hackathon/IBM/BobForBot/demo-robot-workspace/install/odometry_health_monitor/share/odometry_health_monitor/hook/pythonscriptspath.ps1'
[3.246s] colcon.colcon_core.shell INFO Creating environment descriptor '/home/bb/hackathon/IBM/BobForBot/demo-robot-workspace/install/odometry_health_monitor/share/odometry_health_monitor/hook/pythonscriptspath.dsv'
[3.247s] colcon.colcon_core.shell INFO Creating environment hook '/home/bb/hackathon/IBM/BobForBot/demo-robot-workspace/install/odometry_health_monitor/share/odometry_health_monitor/hook/pythonscriptspath.sh'
[3.247s] colcon.colcon_core.environment Level 1 create_environment_scripts_only(odometry_health_monitor)
[3.248s] colcon.colcon_core.shell INFO Creating package script '/home/bb/hackathon/IBM/BobForBot/demo-robot-workspace/install/odometry_health_monitor/share/odometry_health_monitor/package.ps1'
[3.249s] colcon.colcon_core.shell INFO Creating package descriptor '/home/bb/hackathon/IBM/BobForBot/demo-robot-workspace/install/odometry_health_monitor/share/odometry_health_monitor/package.dsv'
[3.250s] colcon.colcon_core.shell INFO Creating package script '/home/bb/hackathon/IBM/BobForBot/demo-robot-workspace/install/odometry_health_monitor/share/odometry_health_monitor/package.sh'
[3.251s] colcon.colcon_core.shell INFO Creating package script '/home/bb/hackathon/IBM/BobForBot/demo-robot-workspace/install/odometry_health_monitor/share/odometry_health_monitor/package.bash'
[3.252s] colcon.colcon_core.shell INFO Creating package script '/home/bb/hackathon/IBM/BobForBot/demo-robot-workspace/install/odometry_health_monitor/share/odometry_health_monitor/package.zsh'
[3.254s] colcon.colcon_core.environment Level 1 create_file_with_runtime_dependencies(/home/bb/hackathon/IBM/BobForBot/demo-robot-workspace/install/odometry_health_monitor/share/colcon-core/packages/odometry_health_monitor)
[3.254s] colcon.colcon_parallel_executor.executor.parallel DEBUG closing loop
[3.255s] colcon.colcon_parallel_executor.executor.parallel DEBUG loop closed
[3.255s] colcon.colcon_parallel_executor.executor.parallel DEBUG run_until_complete finished with '0'
[3.255s] colcon.colcon_core.event_reactor DEBUG joining thread
[3.264s] colcon.colcon_core.plugin_system INFO Skipping extension 'colcon_notification.desktop_notification.terminal_notifier': Not used on non-Darwin systems
[3.264s] colcon.colcon_core.plugin_system INFO Skipping extension 'colcon_notification.desktop_notification.win32': Not used on non-Windows systems
[3.264s] colcon.colcon_notification.desktop_notification INFO Sending desktop notification using 'notify2'
[3.280s] colcon.colcon_core.event_reactor DEBUG joined thread
[3.280s] colcon.colcon_core.shell INFO Creating prefix script '/home/bb/hackathon/IBM/BobForBot/demo-robot-workspace/install/local_setup.ps1'
[3.282s] colcon.colcon_core.shell INFO Creating prefix util module '/home/bb/hackathon/IBM/BobForBot/demo-robot-workspace/install/_local_setup_util_ps1.py'
[3.284s] colcon.colcon_core.shell INFO Creating prefix chain script '/home/bb/hackathon/IBM/BobForBot/demo-robot-workspace/install/setup.ps1'
[3.286s] colcon.colcon_core.shell INFO Creating prefix script '/home/bb/hackathon/IBM/BobForBot/demo-robot-workspace/install/local_setup.sh'
[3.287s] colcon.colcon_core.shell INFO Creating prefix util module '/home/bb/hackathon/IBM/BobForBot/demo-robot-workspace/install/_local_setup_util_sh.py'
[3.288s] colcon.colcon_core.shell INFO Creating prefix chain script '/home/bb/hackathon/IBM/BobForBot/demo-robot-workspace/install/setup.sh'
[3.291s] colcon.colcon_core.shell INFO Creating prefix script '/home/bb/hackathon/IBM/BobForBot/demo-robot-workspace/install/local_setup.bash'
[3.291s] colcon.colcon_core.shell INFO Creating prefix chain script '/home/bb/hackathon/IBM/BobForBot/demo-robot-workspace/install/setup.bash'
[3.293s] colcon.colcon_core.shell INFO Creating prefix script '/home/bb/hackathon/IBM/BobForBot/demo-robot-workspace/install/local_setup.zsh'
[3.294s] colcon.colcon_core.shell INFO Creating prefix chain script '/home/bb/hackathon/IBM/BobForBot/demo-robot-workspace/install/setup.zsh'
